<?xml version="1.0" encoding="UTF-8"?>
<testng-results skipped="0" failed="0" total="0" passed="0">
  <reporter-output>
  </reporter-output>
  <suite name="MySel20Proj.MySel20Proj.AppTest" duration-ms="0" started-at="2019-08-05T09:26:21Z" finished-at="2019-08-05T09:26:21Z">
    <groups>
    </groups>
    <test name="Command line test" duration-ms="0" started-at="2019-08-05T09:26:21Z" finished-at="2019-08-05T09:26:21Z">
    </test> <!-- Command line test -->
  </suite> <!-- MySel20Proj.MySel20Proj.AppTest -->
</testng-results>
