<?xml version="1.0" encoding="UTF-8"?>
<testng-results skipped="0" failed="0" total="1" passed="1">
  <reporter-output>
  </reporter-output>
  <suite name="Default suite" duration-ms="9675" started-at="2019-08-05T16:25:22Z" finished-at="2019-08-05T16:25:31Z">
    <groups>
    </groups>
    <test name="Default test" duration-ms="9675" started-at="2019-08-05T16:25:22Z" finished-at="2019-08-05T16:25:31Z">
      <class name="com.google.tests.GoogleHomePageTest">
        <test-method status="PASS" signature="testSetUp()[pri:0, instance:com.google.tests.GoogleHomePageTest@51565ec2]" name="testSetUp" is-config="true" duration-ms="6379" started-at="2019-08-05T16:25:22Z" finished-at="2019-08-05T16:25:28Z">
          <reporter-output>
          </reporter-output>
        </test-method> <!-- testSetUp -->
        <test-method status="PASS" signature="verifyGooglePageTittle()[pri:0, instance:com.google.tests.GoogleHomePageTest@51565ec2]" name="verifyGooglePageTittle" duration-ms="874" started-at="2019-08-05T16:25:28Z" finished-at="2019-08-05T16:25:29Z">
          <reporter-output>
          </reporter-output>
        </test-method> <!-- verifyGooglePageTittle -->
        <test-method status="PASS" signature="tearDown()[pri:0, instance:com.google.tests.GoogleHomePageTest@51565ec2]" name="tearDown" is-config="true" duration-ms="2406" started-at="2019-08-05T16:25:29Z" finished-at="2019-08-05T16:25:31Z">
          <reporter-output>
          </reporter-output>
        </test-method> <!-- tearDown -->
      </class> <!-- com.google.tests.GoogleHomePageTest -->
    </test> <!-- Default test -->
  </suite> <!-- Default suite -->
</testng-results>
