<?xml version="1.0" encoding="UTF-8"?>
<testng-results skipped="0" failed="0" total="1" passed="1">
  <reporter-output>
  </reporter-output>
  <suite name="Example test run" duration-ms="10853" started-at="2019-08-06T06:48:05Z" finished-at="2019-08-06T06:48:16Z">
    <groups>
    </groups>
    <test name="Simple Test" duration-ms="10853" started-at="2019-08-06T06:48:05Z" finished-at="2019-08-06T06:48:16Z">
      <class name="com.google.tests.GoogleHomePageTest">
        <test-method status="PASS" signature="testSetUp()[pri:0, instance:com.google.tests.GoogleHomePageTest@51565ec2]" name="testSetUp" is-config="true" duration-ms="6756" started-at="2019-08-06T06:48:05Z" finished-at="2019-08-06T06:48:12Z">
          <reporter-output>
          </reporter-output>
        </test-method> <!-- testSetUp -->
        <test-method status="PASS" signature="verifyGooglePageTittle()[pri:0, instance:com.google.tests.GoogleHomePageTest@51565ec2]" name="verifyGooglePageTittle" duration-ms="509" started-at="2019-08-06T06:48:12Z" finished-at="2019-08-06T06:48:12Z">
          <reporter-output>
          </reporter-output>
        </test-method> <!-- verifyGooglePageTittle -->
        <test-method status="PASS" signature="tearDown()[pri:0, instance:com.google.tests.GoogleHomePageTest@51565ec2]" name="tearDown" is-config="true" duration-ms="3573" started-at="2019-08-06T06:48:12Z" finished-at="2019-08-06T06:48:16Z">
          <reporter-output>
          </reporter-output>
        </test-method> <!-- tearDown -->
      </class> <!-- com.google.tests.GoogleHomePageTest -->
    </test> <!-- Simple Test -->
  </suite> <!-- Example test run -->
</testng-results>
